Determining if the pthread_create exist failed with the following output:
Change Dir: /workspace/gemm-int8/build/CMakeFiles/CMakeTmp

Run Build Command:"/usr/bin/make" "cmTC_7e2fd/fast"
/usr/bin/make -f CMakeFiles/cmTC_7e2fd.dir/build.make CMakeFiles/cmTC_7e2fd.dir/build
make[1]: Entering directory '/workspace/gemm-int8/build/CMakeFiles/CMakeTmp'
Building C object CMakeFiles/cmTC_7e2fd.dir/CheckSymbolExists.c.o
/usr/bin/cc    -fPIC    -o CMakeFiles/cmTC_7e2fd.dir/CheckSymbolExists.c.o   -c /workspace/gemm-int8/build/CMakeFiles/CMakeTmp/CheckSymbolExists.c
Linking C executable cmTC_7e2fd
/usr/bin/cmake -E cmake_link_script CMakeFiles/cmTC_7e2fd.dir/link.txt --verbose=1
/usr/bin/cc  -fPIC     CMakeFiles/cmTC_7e2fd.dir/CheckSymbolExists.c.o  -o cmTC_7e2fd -rdynamic 
CMakeFiles/cmTC_7e2fd.dir/CheckSymbolExists.c.o: In function `main':
CheckSymbolExists.c:(.text+0x1b): undefined reference to `pthread_create'
collect2: error: ld returned 1 exit status
CMakeFiles/cmTC_7e2fd.dir/build.make:97: recipe for target 'cmTC_7e2fd' failed
make[1]: *** [cmTC_7e2fd] Error 1
make[1]: Leaving directory '/workspace/gemm-int8/build/CMakeFiles/CMakeTmp'
Makefile:126: recipe for target 'cmTC_7e2fd/fast' failed
make: *** [cmTC_7e2fd/fast] Error 2

File /workspace/gemm-int8/build/CMakeFiles/CMakeTmp/CheckSymbolExists.c:
/* */
#include <pthread.h>

int main(int argc, char** argv)
{
  (void)argv;
#ifndef pthread_create
  return ((int*)(&pthread_create))[argc];
#else
  (void)argc;
  return 0;
#endif
}

Determining if the function pthread_create exists in the pthreads failed with the following output:
Change Dir: /workspace/gemm-int8/build/CMakeFiles/CMakeTmp

Run Build Command:"/usr/bin/make" "cmTC_99d5a/fast"
/usr/bin/make -f CMakeFiles/cmTC_99d5a.dir/build.make CMakeFiles/cmTC_99d5a.dir/build
make[1]: Entering directory '/workspace/gemm-int8/build/CMakeFiles/CMakeTmp'
Building C object CMakeFiles/cmTC_99d5a.dir/CheckFunctionExists.c.o
/usr/bin/cc    -fPIC -DCHECK_FUNCTION_EXISTS=pthread_create   -o CMakeFiles/cmTC_99d5a.dir/CheckFunctionExists.c.o   -c /usr/share/cmake-3.5/Modules/CheckFunctionExists.c
Linking C executable cmTC_99d5a
/usr/bin/cmake -E cmake_link_script CMakeFiles/cmTC_99d5a.dir/link.txt --verbose=1
/usr/bin/cc  -fPIC -DCHECK_FUNCTION_EXISTS=pthread_create    CMakeFiles/cmTC_99d5a.dir/CheckFunctionExists.c.o  -o cmTC_99d5a -rdynamic -lpthreads 
/usr/bin/ld: cannot find -lpthreads
collect2: error: ld returned 1 exit status
CMakeFiles/cmTC_99d5a.dir/build.make:97: recipe for target 'cmTC_99d5a' failed
make[1]: *** [cmTC_99d5a] Error 1
make[1]: Leaving directory '/workspace/gemm-int8/build/CMakeFiles/CMakeTmp'
Makefile:126: recipe for target 'cmTC_99d5a/fast' failed
make: *** [cmTC_99d5a/fast] Error 2


